#
# A fatal error has been detected by the Java Runtime Environment:
#
#  EXCEPTION_ACCESS_VIOLATION (0xc0000005) at pc=0x00007ffb12563270, pid=6004, tid=0x0000000000000504
#
# JRE version: Java(TM) SE Runtime Environment (8.0_211-b12) (build 1.8.0_211-b12)
# Java VM: Java HotSpot(TM) 64-Bit Server VM (25.211-b12 mixed mode windows-amd64 compressed oops)
# Problematic frame:
# C  [ig7icd64.dll+0x93270]
#
# Failed to write core dump. Minidumps are not enabled by default on client versions of Windows
#
# If you would like to submit a bug report, please visit:
#   http://bugreport.java.com/bugreport/crash.jsp
# The crash happened outside the Java Virtual Machine in native code.
# See problematic frame for where to report the bug.
#

---------------  T H R E A D  ---------------

Current thread (0x0000000002966800):  JavaThread "main" [_thread_in_native, id=1284, stack(0x0000000002860000,0x0000000002960000)]

siginfo: ExceptionCode=0xc0000005, reading address 0x000000001e6ae000

Registers:
RAX=0x000000000000000c, RBX=0x000000000295e300, RCX=0x0000000000000000, RDX=0x000000001e6adff8
RSP=0x000000000295e220, RBP=0x000000000000002a, RSI=0x000000001c350b80, RDI=0x000000001c351180
R8 =0x0000000000000768, R9 =0x000000000000000e, R10=0x000000000000000c, R11=0x0000000000001aa0
R12=0x000000001c2be000, R13=0x00007ffb12c63fe0, R14=0x0000000000000768, R15=0x000000001e61cbd0
RIP=0x00007ffb12563270, EFLAGS=0x0000000000010293

Top of Stack: (sp=0x000000000295e220)
0x000000000295e220:   cafebabecafebabe 0000000000000000
0x000000000295e230:   0000000000000000 0000000000000000
0x000000000295e240:   000000001e6ad9f8 00007ffb128a0ea0
0x000000000295e250:   0000000000000000 0000000000bcbcf0
0x000000000295e260:   0000000000000000 000000000295e339
0x000000000295e270:   0000000000000000 00007ffb1270b38a
0x000000000295e280:   000000000295e339 0000000000bcbcf0
0x000000000295e290:   0000000000000000 000000000295e430
0x000000000295e2a0:   0000000000000001 000000001e61cbd0
0x000000000295e2b0:   00000780000a4ca0 0000000000000002
0x000000000295e2c0:   0000000000000000 0000000000000007
0x000000000295e2d0:   0000000000000000 0000000000000780
0x000000000295e2e0:   0000000000000000 0000000000000000
0x000000000295e2f0:   fffffffffffffffe 0000000000000000
0x000000000295e300:   00007ffb12a63148 000000001adab900
0x000000000295e310:   00000164000001da 0000004700000000 

Instructions: (pc=0x00007ffb12563270)
0x00007ffb12563250:   24 4d 8b c8 49 c1 e9 07 f6 c2 0f 0f 84 b0 00 00
0x00007ffb12563260:   00 4d 85 c9 74 6c 66 66 0f 1f 84 00 00 00 00 00
0x00007ffb12563270:   f3 0f 6f 3a f3 0f 6f 72 10 f3 0f 6f 6a 20 41 ff
0x00007ffb12563280:   c2 48 83 ef 80 41 8b c2 f3 0f 6f 62 30 f3 0f 6f 


Register to memory mapping:

RAX=0x000000000000000c is an unknown value
RBX=0x000000000295e300 is pointing into the stack for thread: 0x0000000002966800
RCX=0x0000000000000000 is an unknown value
RDX=0x000000001e6adff8 is an unknown value
RSP=0x000000000295e220 is pointing into the stack for thread: 0x0000000002966800
RBP=0x000000000000002a is an unknown value
RSI=0x000000001c350b80 is an unknown value
RDI=0x000000001c351180 is an unknown value
R8 =0x0000000000000768 is an unknown value
R9 =0x000000000000000e is an unknown value
R10=0x000000000000000c is an unknown value
R11=0x0000000000001aa0 is an unknown value
R12=0x000000001c2be000 is an unknown value
R13=0x00007ffb12c63fe0 is an unknown value
R14=0x0000000000000768 is an unknown value
R15=0x000000001e61cbd0 is an unknown value


Stack: [0x0000000002860000,0x0000000002960000],  sp=0x000000000295e220,  free space=1016k
Native frames: (J=compiled Java code, j=interpreted, Vv=VM code, C=native code)
C  [ig7icd64.dll+0x93270]
C  [ig7icd64.dll+0x3d0ea0]
C  [ig7icd64.dll+0x23b38a]
C  [ig7icd64.dll+0x23a4cd]
C  [ig7icd64.dll+0x23a139]
C  [ig7icd64.dll+0x7dcde]
C  [ig7icd64.dll+0x7cee6]
C  [ig7icd64.dll+0x8c9ef]
C  [lwjgl_opengl.dll+0xcab5]
C  0x0000000002a78c67

Java frames: (J=compiled Java code, j=interpreted, Vv=VM code)
j  org.lwjgl.opengl.GL11C.nglTexImage2D(IIIIIIIIJ)V+0
J 711% C1 graphics.Texture.<init>(Ljava/lang/String;)V (241 bytes) @ 0x0000000002d6dbc4 [0x0000000002d6cce0+0xee4]
j  character.Character.<init>()V+11
j  loop.Loop.<clinit>()V+4
v  ~StubRoutines::call_stub
j  com.bart.lwjgl_minimum.Main.main([Ljava/lang/String;)V+147
v  ~StubRoutines::call_stub

---------------  P R O C E S S  ---------------

Java Threads: ( => current thread )
  0x000000001e16e800 JavaThread "Java2D Disposer" daemon [_thread_blocked, id=4088, stack(0x000000001bf70000,0x000000001c070000)]
  0x0000000018ec0800 JavaThread "Service Thread" daemon [_thread_blocked, id=2308, stack(0x0000000019290000,0x0000000019390000)]
  0x0000000017561000 JavaThread "C1 CompilerThread2" daemon [_thread_blocked, id=4388, stack(0x0000000018d90000,0x0000000018e90000)]
  0x0000000017559000 JavaThread "C2 CompilerThread1" daemon [_thread_blocked, id=1512, stack(0x0000000018c90000,0x0000000018d90000)]
  0x0000000017556000 JavaThread "C2 CompilerThread0" daemon [_thread_blocked, id=6724, stack(0x0000000018b90000,0x0000000018c90000)]
  0x0000000017552000 JavaThread "Attach Listener" daemon [_thread_blocked, id=11072, stack(0x0000000018a90000,0x0000000018b90000)]
  0x0000000017550800 JavaThread "Signal Dispatcher" daemon [_thread_blocked, id=7720, stack(0x0000000018990000,0x0000000018a90000)]
  0x000000001753c800 JavaThread "Finalizer" daemon [_thread_blocked, id=8320, stack(0x00000000187a0000,0x00000000188a0000)]
  0x0000000017519000 JavaThread "Reference Handler" daemon [_thread_blocked, id=2096, stack(0x00000000186a0000,0x00000000187a0000)]
=>0x0000000002966800 JavaThread "main" [_thread_in_native, id=1284, stack(0x0000000002860000,0x0000000002960000)]

Other Threads:
  0x0000000017518000 VMThread [stack: 0x00000000185a0000,0x00000000186a0000] [id=9836]
  0x0000000018f06800 WatcherThread [stack: 0x0000000019390000,0x0000000019490000] [id=8784]

VM state:not at safepoint (normal execution)

VM Mutex/Monitor currently owned by a thread: None

heap address: 0x0000000082000000, size: 2016 MB, Compressed Oops mode: 32-bit
Narrow klass base: 0x0000000000000000, Narrow klass shift: 3
Compressed class space size: 1073741824 Address: 0x0000000100000000

Heap:
 PSYoungGen      total 37888K, used 22044K [0x00000000d6000000, 0x00000000d8a00000, 0x0000000100000000)
  eden space 32768K, 67% used [0x00000000d6000000,0x00000000d7587320,0x00000000d8000000)
  from space 5120K, 0% used [0x00000000d8500000,0x00000000d8500000,0x00000000d8a00000)
  to   space 5120K, 0% used [0x00000000d8000000,0x00000000d8000000,0x00000000d8500000)
 ParOldGen       total 86016K, used 0K [0x0000000082000000, 0x0000000087400000, 0x00000000d6000000)
  object space 86016K, 0% used [0x0000000082000000,0x0000000082000000,0x0000000087400000)
 Metaspace       used 9045K, capacity 9287K, committed 9472K, reserved 1058816K
  class space    used 846K, capacity 939K, committed 1024K, reserved 1048576K

Card table byte_map: [0x0000000011e20000,0x0000000012220000] byte_map_base: 0x0000000011a10000

Marking Bits: (ParMarkBitMap*) 0x0000000077825ce0
 Begin Bits: [0x00000000128c0000, 0x0000000014840000)
 End Bits:   [0x0000000014840000, 0x00000000167c0000)

Polling page: 0x0000000000aa0000

CodeCache: size=245760Kb used=3169Kb max_used=3193Kb free=242591Kb
 bounds [0x0000000002a60000, 0x0000000002d90000, 0x0000000011a60000]
 total_blobs=1585 nmethods=713 adapters=785
 compilation: enabled

Compilation events (10 events):
Event: 1.144 Thread 0x0000000017561000  707       3       java.nio.DirectByteBuffer::put (17 bytes)
Event: 1.145 Thread 0x0000000017561000 nmethod 707 0x0000000002d651d0 code [0x0000000002d65360, 0x0000000002d65708]
Event: 1.153 Thread 0x0000000017559000 nmethod 705% 0x0000000002d6f190 code [0x0000000002d6f340, 0x0000000002d70668]
Event: 1.153 Thread 0x0000000017559000  710       4       java.nio.DirectByteBuffer::put (17 bytes)
Event: 1.154 Thread 0x0000000017559000 nmethod 710 0x0000000002d6c290 code [0x0000000002d6c3c0, 0x0000000002d6c478]
Event: 1.159 Thread 0x0000000017561000  711 % !   3       graphics.Texture::<init> @ 89 (241 bytes)
Event: 1.161 Thread 0x0000000017561000 nmethod 711% 0x0000000002d6c990 code [0x0000000002d6cce0, 0x0000000002d6e298]
Event: 1.161 Thread 0x0000000017561000  712   !   3       graphics.Texture::<init> (241 bytes)
Event: 1.163 Thread 0x0000000017561000 nmethod 712 0x0000000002d712d0 code [0x0000000002d71600, 0x0000000002d72ad8]
Event: 1.163 Thread 0x0000000017559000  713 % !   4       graphics.Texture::<init> @ 89 (241 bytes)

GC Heap History (0 events):
No events

Deoptimization events (1 events):
Event: 0.154 Thread 0x0000000002966800 Uncommon trap: reason=unstable_if action=reinterpret pc=0x0000000002b63d64 method=java.lang.String.hashCode()I @ 14

Classes redefined (0 events):
No events

Internal exceptions (10 events):
Event: 0.210 Thread 0x0000000002966800 Exception <a 'java/lang/NoSuchMethodError': java.lang.Object.lambda$static$0(Ljava/lang/String;)Ljava/lang/Boolean;> (0x00000000d62b2e28) thrown at [C:\re\workspace\8-2-build-windows-amd64-cygwin\jdk8u211\12973\hotspot\src\share\vm\interpreter\linkResolve
Event: 0.224 Thread 0x0000000002966800 Exception <a 'java/lang/NoSuchFieldError': method resolution failed> (0x00000000d632ac28) thrown at [C:\re\workspace\8-2-build-windows-amd64-cygwin\jdk8u211\12973\hotspot\src\share\vm\prims\methodHandles.cpp, line 1167]
Event: 0.227 Thread 0x0000000002966800 Exception <a 'java/lang/NoSuchFieldError': method resolution failed> (0x00000000d6338078) thrown at [C:\re\workspace\8-2-build-windows-amd64-cygwin\jdk8u211\12973\hotspot\src\share\vm\prims\methodHandles.cpp, line 1167]
Event: 0.296 Thread 0x0000000002966800 Exception <a 'java/security/PrivilegedActionException'> (0x00000000d6480ed0) thrown at [C:\re\workspace\8-2-build-windows-amd64-cygwin\jdk8u211\12973\hotspot\src\share\vm\prims\jvm.cpp, line 1502]
Event: 0.296 Thread 0x0000000002966800 Exception <a 'java/security/PrivilegedActionException'> (0x00000000d64810e0) thrown at [C:\re\workspace\8-2-build-windows-amd64-cygwin\jdk8u211\12973\hotspot\src\share\vm\prims\jvm.cpp, line 1502]
Event: 0.297 Thread 0x0000000002966800 Exception <a 'java/security/PrivilegedActionException'> (0x00000000d6484d50) thrown at [C:\re\workspace\8-2-build-windows-amd64-cygwin\jdk8u211\12973\hotspot\src\share\vm\prims\jvm.cpp, line 1502]
Event: 0.297 Thread 0x0000000002966800 Exception <a 'java/security/PrivilegedActionException'> (0x00000000d6484f60) thrown at [C:\re\workspace\8-2-build-windows-amd64-cygwin\jdk8u211\12973\hotspot\src\share\vm\prims\jvm.cpp, line 1502]
Event: 0.663 Thread 0x0000000002966800 Exception <a 'sun/nio/fs/WindowsException'> (0x00000000d6949080) thrown at [C:\re\workspace\8-2-build-windows-amd64-cygwin\jdk8u211\12973\hotspot\src\share\vm\prims\jni.cpp, line 710]
Event: 0.663 Thread 0x0000000002966800 Exception <a 'sun/nio/fs/WindowsException'> (0x00000000d69498b8) thrown at [C:\re\workspace\8-2-build-windows-amd64-cygwin\jdk8u211\12973\hotspot\src\share\vm\prims\jni.cpp, line 710]
Event: 1.047 Thread 0x0000000002966800 Exception <a 'java/io/FileNotFoundException'> (0x00000000d70a29b0) thrown at [C:\re\workspace\8-2-build-windows-amd64-cygwin\jdk8u211\12973\hotspot\src\share\vm\prims\jni.cpp, line 710]

Events (10 events):
Event: 1.108 Thread 0x0000000002966800 DEOPT PACKING pc=0x0000000002d457ba sp=0x000000000295dbf0
Event: 1.108 Thread 0x0000000002966800 DEOPT UNPACKING pc=0x0000000002aa7890 sp=0x000000000295d980 mode 0
Event: 1.108 Thread 0x0000000002966800 DEOPT PACKING pc=0x0000000002d457ba sp=0x000000000295dbf0
Event: 1.108 Thread 0x0000000002966800 DEOPT UNPACKING pc=0x0000000002aa7890 sp=0x000000000295d980 mode 0
Event: 1.109 Thread 0x0000000002966800 DEOPT PACKING pc=0x0000000002d457ba sp=0x000000000295dbf0
Event: 1.109 Thread 0x0000000002966800 DEOPT UNPACKING pc=0x0000000002aa7890 sp=0x000000000295d980 mode 0
Event: 1.109 Thread 0x0000000002966800 DEOPT PACKING pc=0x0000000002d457ba sp=0x000000000295dbf0
Event: 1.109 Thread 0x0000000002966800 DEOPT UNPACKING pc=0x0000000002aa7890 sp=0x000000000295d980 mode 0
Event: 1.110 loading class java/io/RandomAccessFile$1
Event: 1.110 loading class java/io/RandomAccessFile$1 done


Dynamic libraries:
0x00007ff653380000 - 0x00007ff6533b7000 	C:\Program Files\Java\jre1.8.0_211\bin\javaw.exe
0x00007ffb5c870000 - 0x00007ffb5ca51000 	C:\Windows\SYSTEM32\ntdll.dll
0x00007ffb5b880000 - 0x00007ffb5b931000 	C:\Windows\System32\KERNEL32.DLL
0x00007ffb58c40000 - 0x00007ffb58eb3000 	C:\Windows\System32\KERNELBASE.dll
0x00007ffb5c120000 - 0x00007ffb5c1c1000 	C:\Windows\System32\ADVAPI32.dll
0x00007ffb5b240000 - 0x00007ffb5b2de000 	C:\Windows\System32\msvcrt.dll
0x00007ffb5b940000 - 0x00007ffb5b99b000 	C:\Windows\System32\sechost.dll
0x00007ffb5c1f0000 - 0x00007ffb5c314000 	C:\Windows\System32\RPCRT4.dll
0x00007ffb5c5f0000 - 0x00007ffb5c780000 	C:\Windows\System32\USER32.dll
0x00007ffb59c90000 - 0x00007ffb59cb0000 	C:\Windows\System32\win32u.dll
0x00007ffb5c410000 - 0x00007ffb5c438000 	C:\Windows\System32\GDI32.dll
0x00007ffb596d0000 - 0x00007ffb59862000 	C:\Windows\System32\gdi32full.dll
0x00007ffb58ec0000 - 0x00007ffb58f5f000 	C:\Windows\System32\msvcp_win.dll
0x00007ffb59ae0000 - 0x00007ffb59bd8000 	C:\Windows\System32\ucrtbase.dll
0x00007ffb4d8b0000 - 0x00007ffb4db19000 	C:\Windows\WinSxS\amd64_microsoft.windows.common-controls_6595b64144ccf1df_6.0.17134.706_none_fb43a2cb30647007\COMCTL32.dll
0x00007ffb5b9a0000 - 0x00007ffb5bcc2000 	C:\Windows\System32\combase.dll
0x00007ffb59a60000 - 0x00007ffb59ada000 	C:\Windows\System32\bcryptPrimitives.dll
0x00007ffb5b460000 - 0x00007ffb5b48d000 	C:\Windows\System32\IMM32.DLL
0x0000000050060000 - 0x0000000050132000 	C:\Program Files\Java\jre1.8.0_211\bin\msvcr100.dll
0x0000000077000000 - 0x00000000778a5000 	C:\Program Files\Java\jre1.8.0_211\bin\server\jvm.dll
0x00007ffb5b230000 - 0x00007ffb5b238000 	C:\Windows\System32\PSAPI.DLL
0x00007ffb46d90000 - 0x00007ffb46d9a000 	C:\Windows\SYSTEM32\VERSION.dll
0x00007ffb55570000 - 0x00007ffb55593000 	C:\Windows\SYSTEM32\WINMM.dll
0x00007ffb53fa0000 - 0x00007ffb53fa9000 	C:\Windows\SYSTEM32\WSOCK32.dll
0x00007ffb55540000 - 0x00007ffb5556a000 	C:\Windows\SYSTEM32\winmmbase.dll
0x00007ffb5c320000 - 0x00007ffb5c38c000 	C:\Windows\System32\WS2_32.dll
0x00007ffb59cb0000 - 0x00007ffb59cf9000 	C:\Windows\System32\cfgmgr32.dll
0x00007ffb52f20000 - 0x00007ffb52f2f000 	C:\Program Files\Java\jre1.8.0_211\bin\verify.dll
0x00007ffb50c90000 - 0x00007ffb50cb9000 	C:\Program Files\Java\jre1.8.0_211\bin\java.dll
0x00007ffb52390000 - 0x00007ffb523a6000 	C:\Program Files\Java\jre1.8.0_211\bin\zip.dll
0x00007ffb59d00000 - 0x00007ffb5b140000 	C:\Windows\System32\SHELL32.dll
0x00007ffb5b2e0000 - 0x00007ffb5b389000 	C:\Windows\System32\shcore.dll
0x00007ffb58fc0000 - 0x00007ffb596cd000 	C:\Windows\System32\windows.storage.dll
0x00007ffb5b620000 - 0x00007ffb5b671000 	C:\Windows\System32\shlwapi.dll
0x00007ffb58c20000 - 0x00007ffb58c31000 	C:\Windows\System32\kernel.appcore.dll
0x00007ffb58be0000 - 0x00007ffb58bff000 	C:\Windows\System32\profapi.dll
0x00007ffb58b90000 - 0x00007ffb58bdc000 	C:\Windows\System32\powrprof.dll
0x00007ffb58b80000 - 0x00007ffb58b8a000 	C:\Windows\System32\FLTLIB.DLL
0x00007ffb4f500000 - 0x00007ffb4f51a000 	C:\Program Files\Java\jre1.8.0_211\bin\net.dll
0x00007ffb4f900000 - 0x00007ffb4fac8000 	C:\Windows\SYSTEM32\urlmon.dll
0x00007ffb51090000 - 0x00007ffb51336000 	C:\Windows\SYSTEM32\iertutil.dll
0x00007ffb585d0000 - 0x00007ffb585db000 	C:\Windows\SYSTEM32\CRYPTBASE.DLL
0x00007ffb58400000 - 0x00007ffb58466000 	C:\Windows\system32\mswsock.dll
0x00007ffb4bf30000 - 0x00007ffb4bf42000 	C:\Program Files\Java\jre1.8.0_211\bin\nio.dll
0x00007ffb50d30000 - 0x00007ffb50da2000 	C:\Users\Bahrenheit\AppData\Local\Temp\lwjglBahrenheit\3.2.2-build-10\lwjgl.dll
0x00007ffb507c0000 - 0x00007ffb5081e000 	C:\Users\BAHREN~1\AppData\Local\Temp\lwjglBahrenheit\3.2.2-build-10\glfw.dll
0x00007ffb56ce0000 - 0x00007ffb56d78000 	C:\Windows\system32\uxtheme.dll
0x00007ffb4f860000 - 0x00007ffb4f8a3000 	C:\Windows\SYSTEM32\dinput8.dll
0x00007ffb55650000 - 0x00007ffb55660000 	C:\Windows\SYSTEM32\xinput1_4.dll
0x00007ffb58990000 - 0x00007ffb589b7000 	C:\Windows\SYSTEM32\DEVOBJ.dll
0x00007ffb56eb0000 - 0x00007ffb56ed9000 	C:\Windows\SYSTEM32\dwmapi.dll
0x00007ffb518c0000 - 0x00007ffb51939000 	C:\Windows\SYSTEM32\inputhost.dll
0x00007ffb56520000 - 0x00007ffb565fa000 	C:\Windows\SYSTEM32\CoreMessaging.dll
0x00007ffb54930000 - 0x00007ffb54c4e000 	C:\Windows\SYSTEM32\CoreUIComponents.dll
0x00007ffb547d0000 - 0x00007ffb5491d000 	C:\Windows\SYSTEM32\wintypes.dll
0x00007ffb57c70000 - 0x00007ffb57ca1000 	C:\Windows\SYSTEM32\ntmarta.dll
0x00007ffb5b4a0000 - 0x00007ffb5b613000 	C:\Windows\System32\MSCTF.dll
0x00007ffb5b390000 - 0x00007ffb5b452000 	C:\Windows\System32\OLEAUT32.dll
0x00007ffb2ab90000 - 0x00007ffb2ace3000 	C:\Program Files (x86)\Stardock\Fences\FencesMenu64.dll
0x00007ffb5b680000 - 0x00007ffb5b7d1000 	C:\Windows\System32\ole32.dll
0x00007ffb58a80000 - 0x00007ffb58aa8000 	C:\Windows\SYSTEM32\USERENV.dll
0x00007ffb55390000 - 0x00007ffb553a3000 	C:\Windows\SYSTEM32\WTSAPI32.dll
0x00007ffb4c4e0000 - 0x00007ffb4c67b000 	C:\Windows\WinSxS\amd64_microsoft.windows.gdiplus_6595b64144ccf1df_1.1.17134.706_none_2c2e95b08af6e9d5\gdiplus.dll
0x00007ffb57790000 - 0x00007ffb5779c000 	C:\Windows\SYSTEM32\HID.DLL
0x00007ffb5bcd0000 - 0x00007ffb5c11b000 	C:\Windows\System32\SETUPAPI.DLL
0x00007ffb58f60000 - 0x00007ffb58fb7000 	C:\Windows\System32\WINTRUST.dll
0x00007ffb58c00000 - 0x00007ffb58c12000 	C:\Windows\System32\MSASN1.dll
0x00007ffb59870000 - 0x00007ffb59a52000 	C:\Windows\System32\CRYPT32.dll
0x00007ffb26370000 - 0x00007ffb26490000 	C:\Windows\SYSTEM32\opengl32.dll
0x00007ffb39150000 - 0x00007ffb3917c000 	C:\Windows\SYSTEM32\GLU32.dll
0x00007ffb124d0000 - 0x00007ffb12d03000 	C:\Windows\SYSTEM32\ig7icd64.dll
0x00007ffb50320000 - 0x00007ffb5077f000 	C:\Windows\SYSTEM32\igdusc64.dll
0x00007ffb57940000 - 0x00007ffb579fb000 	C:\Windows\SYSTEM32\dxgi.dll
0x00007ffb56060000 - 0x00007ffb5636b000 	C:\Windows\SYSTEM32\d3d11.dll
0x00007ffb39b60000 - 0x00007ffb3a703000 	C:\Windows\SYSTEM32\igd10iumd64.dll
0x00007ffb586e0000 - 0x00007ffb58705000 	C:\Windows\SYSTEM32\bcrypt.dll
0x00007ffb586b0000 - 0x00007ffb586d6000 	C:\Windows\SYSTEM32\ncrypt.dll
0x00007ffb58670000 - 0x00007ffb586a6000 	C:\Windows\SYSTEM32\NTASN1.dll
0x00007ffb51540000 - 0x00007ffb515d6000 	C:\Windows\System32\TextInputFramework.dll
0x00007ffb4ebb0000 - 0x00007ffb4ec1b000 	C:\Windows\system32\Oleacc.dll
0x00007ffb44820000 - 0x00007ffb44a71000 	C:\Users\BAHREN~1\AppData\Local\Temp\lwjglBahrenheit\3.2.2-build-10\jemalloc.dll
0x00007ffb4c3d0000 - 0x00007ffb4c428000 	C:\Users\Bahrenheit\AppData\Local\Temp\lwjglBahrenheit\3.2.2-build-10\lwjgl_opengl.dll
0x00007ffb31020000 - 0x00007ffb311b9000 	C:\Program Files\Java\jre1.8.0_211\bin\awt.dll
0x00007ffb56ad0000 - 0x00007ffb56b5b000 	C:\Windows\SYSTEM32\apphelp.dll
0x00007ffb50780000 - 0x00007ffb507b1000 	C:\Program Files\Java\jre1.8.0_211\bin\jpeg.dll
0x00007ffb3b3d0000 - 0x00007ffb3b599000 	C:\Windows\SYSTEM32\dbghelp.dll

VM Arguments:
jvm_args: -Dfile.encoding=Cp1252 
java_command: com.bart.lwjgl_minimum.Main
java_class_path (initial): C:\Users\Bahrenheit\Google Drive\workspace\com.bart.lwjgl_minimum\bin;C:\Users\Bahrenheit\Downloads\lwjgl-stable-2019-05-07-custom\lwjgl.jar;C:\Users\Bahrenheit\Downloads\lwjgl-stable-2019-05-07-custom\lwjgl-assimp.jar;C:\Users\Bahrenheit\Downloads\lwjgl-stable-2019-05-07-custom\lwjgl-assimp-javadoc.jar;C:\Users\Bahrenheit\Downloads\lwjgl-stable-2019-05-07-custom\lwjgl-assimp-natives-windows.jar;C:\Users\Bahrenheit\Downloads\lwjgl-stable-2019-05-07-custom\lwjgl-assimp-sources.jar;C:\Users\Bahrenheit\Downloads\lwjgl-stable-2019-05-07-custom\lwjgl-bgfx.jar;C:\Users\Bahrenheit\Downloads\lwjgl-stable-2019-05-07-custom\lwjgl-bgfx-javadoc.jar;C:\Users\Bahrenheit\Downloads\lwjgl-stable-2019-05-07-custom\lwjgl-bgfx-natives-windows.jar;C:\Users\Bahrenheit\Downloads\lwjgl-stable-2019-05-07-custom\lwjgl-bgfx-sources.jar;C:\Users\Bahrenheit\Downloads\lwjgl-stable-2019-05-07-custom\lwjgl-cuda.jar;C:\Users\Bahrenheit\Downloads\lwjgl-stable-2019-05-07-custom\lwjgl-cuda-javadoc.jar;C:\Users\Bahrenheit\Downloads\lwjgl-stable-2019-05-07-custom\lwjgl-cuda-sources.jar;C:\Users\Bahrenheit\Downloads\lwjgl-stable-2019-05-07-custom\lwjgl-egl.jar;C:\Users\Bahrenheit\Downloads\lwjgl-stable-2019-05-07-custom\lwjgl-egl-javadoc.jar;C:\Users\Bahrenheit\Downloads\lwjgl-stable-2019-05-07-custom\lwjgl-egl-sources.jar;C:\Users\Bahrenheit\Downloads\lwjgl-stable-2019-05-07-custom\lwjgl-glfw.jar;C:\Users\Bahrenheit\Downloads\lwjgl-stable-2019-05-07-custom\lwjgl-glfw-javadoc.jar;C:\Users\Bahrenheit\Downloads\lwjgl-stable-2019-05-07-custom\lwjgl-glfw-natives-windows.jar;C:\Users\Bahrenheit\Downloads\lwjgl-stable-2019-05-07-custom\lwjgl-glfw-sources.jar;C:\Users\Bahrenheit\Downloads\lwjgl-stable-2019-05-07-custom\lwjgl-javadoc.jar;C:\Users\Bahrenheit\Downloads\lwjgl-stable-2019-05-07-custom\lwjgl-jawt.jar;C:\Users\Bahrenheit\Downloads\lwjgl-stable-2019-05-07-custom\lwjgl-jawt-javadoc.jar;C:\Users\Bahrenheit\Downloads\lwjgl-stable-2019-05-07-custom\lwjgl-jawt-sources.jar;C:\Use
Launcher Type: SUN_STANDARD

Environment Variables:
PATH=C:/Program Files/Java/jre1.8.0_211/bin/server;C:/Program Files/Java/jre1.8.0_211/bin;C:/Program Files/Java/jre1.8.0_211/lib/amd64;C:\Program Files (x86)\Common Files\Oracle\Java\javapath;C:\Program Files (x86)\NVIDIA Corporation\PhysX\Common;C:\Windows\system32;C:\Windows;C:\Windows\System32\Wbem;C:\Windows\System32\WindowsPowerShell\v1.0\;C:\Windows\System32\OpenSSH\;C:\Program Files\Microsoft SQL Server\Client SDK\ODBC\110\Tools\Binn\;C:\Program Files (x86)\Microsoft SQL Server\120\Tools\Binn\;C:\Program Files\Microsoft SQL Server\120\Tools\Binn\;C:\Program Files\Microsoft SQL Server\120\DTS\Binn\;C:\Program Files (x86)\Windows Kits\8.1\Windows Performance Toolkit\;C:\Program Files\dotnet\;C:\Program Files\Java\jdk-12\bin;C:\Users\Bahrenheit\AppData\Local\Microsoft\WindowsApps;;C:\Users\Bahrenheit\Downloads\eclipse;
USERNAME=Bahrenheit
OS=Windows_NT
PROCESSOR_IDENTIFIER=Intel64 Family 6 Model 58 Stepping 9, GenuineIntel



---------------  S Y S T E M  ---------------

OS: Windows 10.0 , 64 bit Build 17134 (10.0.17134.706)

CPU:total 4 (initial active 4) (2 cores per cpu, 2 threads per core) family 6 model 58 stepping 9, cmov, cx8, fxsr, mmx, sse, sse2, sse3, ssse3, sse4.1, sse4.2, popcnt, avx, aes, clmul, erms, ht, tsc, tscinvbit, tscinv

Memory: 4k page, physical 8249468k(4072092k free), swap 9560188k(3833188k free)

vm_info: Java HotSpot(TM) 64-Bit Server VM (25.211-b12) for windows-amd64 JRE (1.8.0_211-b12), built on Apr  1 2019 20:53:26 by "java_re" with MS VC++ 10.0 (VS2010)

time: Sat May 11 18:11:49 2019
timezone: W. Europe Daylight Time
elapsed time: 1 seconds (0d 0h 0m 1s)

